13:14:49 [0m[34m[INFO] [0m(main) Selected wl_shm format: Bgr888
13:14:49 [0m[34m[INFO] [0m(main) Initialization succeeded! Starting main loop...
Error: "failed to read file: No such file or directory (os error 2)"Error: 
"failed to read file: No such file or directory (os error 2)"
13:15:29 [0m[34m[INFO] [0m(transition) BumpPool with: 1 buffers. Size: 6075Kb
13:15:29 [0m[34m[INFO] [0m(transition) BumpPool with: 1 buffers. Size: 6075Kb
13:15:29 [0m[34m[INFO] [0m(transition) BumpPool with: 2 buffers. Size: 12150Kb
13:15:29 [0m[33m[WARN] [0m(main) Received transform. We currently ignore those
13:15:29 [0m[33m[WARN] [0m(main) Received transform. We currently ignore those
13:15:29 [0m[33m[WARN] [0m(main) Received transform. We currently ignore those
13:15:29 [0m[33m[WARN] [0m(main) Received transform. We currently ignore those
13:15:29 [0m[33m[WARN] [0m(main) Received transform. We currently ignore those
13:15:29 [0m[33m[WARN] [0m(main) Received transform. We currently ignore those
13:15:29 [0m[33m[WARN] [0m(main) Received transform. We currently ignore those
13:15:29 [0m[33m[WARN] [0m(main) Received transform. We currently ignore those
13:15:29 [0m[33m[WARN] [0m(main) Received transform. We currently ignore those
13:15:29 [0m[33m[WARN] [0m(main) Received transform. We currently ignore those
13:15:29 [0m[33m[WARN] [0m(main) Received transform. We currently ignore those
13:15:29 [0m[33m[WARN] [0m(main) Received transform. We currently ignore those
13:15:29 [0m[33m[WARN] [0m(main) Received transform. We currently ignore those
13:15:29 [0m[33m[WARN] [0m(main) Received transform. We currently ignore those
13:15:30 [0m[33m[WARN] [0m(main) Received transform. We currently ignore those
13:15:30 [0m[33m[WARN] [0m(main) Received transform. We currently ignore those
13:15:30 [0m[33m[WARN] [0m(main) Received transform. We currently ignore those
13:15:30 [0m[33m[WARN] [0m(main) Received transform. We currently ignore those
13:15:30 [0m[33m[WARN] [0m(main) Received transform. We currently ignore those
13:15:30 [0m[33m[WARN] [0m(main) Received transform. We currently ignore those
13:15:30 [0m[33m[WARN] [0m(main) Received transform. We currently ignore those
13:15:30 [0m[33m[WARN] [0m(main) Received transform. We currently ignore those
13:15:30 [0m[33m[WARN] [0m(main) Received transform. We currently ignore those
13:15:30 [0m[33m[WARN] [0m(main) Received transform. We currently ignore those
13:15:30 [0m[33m[WARN] [0m(main) Received transform. We currently ignore those
13:15:30 [0m[33m[WARN] [0m(main) Received transform. We currently ignore those
13:15:30 [0m[33m[WARN] [0m(main) Received transform. We currently ignore those
13:15:30 [0m[33m[WARN] [0m(main) Received transform. We currently ignore those
13:15:30 [0m[33m[WARN] [0m(main) Received transform. We currently ignore those
13:15:30 [0m[33m[WARN] [0m(main) Received transform. We currently ignore those
13:15:30 [0m[33m[WARN] [0m(main) Received transform. We currently ignore those
13:15:30 [0m[33m[WARN] [0m(main) Received transform. We currently ignore those
13:15:30 [0m[33m[WARN] [0m(main) Received transform. We currently ignore those
13:15:30 [0m[33m[WARN] [0m(main) Received transform. We currently ignore those
13:15:30 [0m[33m[WARN] [0m(main) Received transform. We currently ignore those
13:15:30 [0m[33m[WARN] [0m(main) Received transform. We currently ignore those
13:15:30 [0m[33m[WARN] [0m(main) Received transform. We currently ignore those
13:15:30 [0m[33m[WARN] [0m(main) Received transform. We currently ignore those
13:15:30 [0m[33m[WARN] [0m(main) Received transform. We currently ignore those
13:15:30 [0m[33m[WARN] [0m(main) Received transform. We currently ignore those
13:15:30 [0m[33m[WARN] [0m(main) Received transform. We currently ignore those
13:15:30 [0m[33m[WARN] [0m(main) Received transform. We currently ignore those
13:15:30 [0m[33m[WARN] [0m(main) Received transform. We currently ignore those
13:15:30 [0m[33m[WARN] [0m(main) Received transform. We currently ignore those
13:15:30 [0m[33m[WARN] [0m(main) Received transform. We currently ignore those
13:15:30 [0m[33m[WARN] [0m(main) Received transform. We currently ignore those
13:15:30 [0m[33m[WARN] [0m(main) Received transform. We currently ignore those
13:15:30 [0m[33m[WARN] [0m(main) Received transform. We currently ignore those
13:15:30 [0m[33m[WARN] [0m(main) Received transform. We currently ignore those
13:15:30 [0m[33m[WARN] [0m(main) Received transform. We currently ignore those
13:15:30 [0m[33m[WARN] [0m(main) Received transform. We currently ignore those
13:15:30 [0m[33m[WARN] [0m(main) Received transform. We currently ignore those
13:15:30 [0m[33m[WARN] [0m(main) Received transform. We currently ignore those
13:15:30 [0m[33m[WARN] [0m(main) Received transform. We currently ignore those
13:15:30 [0m[33m[WARN] [0m(main) Received transform. We currently ignore those
13:15:30 [0m[33m[WARN] [0m(main) Received transform. We currently ignore those
13:15:30 [0m[33m[WARN] [0m(main) Received transform. We currently ignore those
13:15:30 [0m[33m[WARN] [0m(main) Received transform. We currently ignore those
13:15:30 [0m[33m[WARN] [0m(main) Received transform. We currently ignore those
13:15:30 [0m[33m[WARN] [0m(main) Received transform. We currently ignore those
13:15:30 [0m[33m[WARN] [0m(main) Received transform. We currently ignore those
13:15:30 [0m[33m[WARN] [0m(main) Received transform. We currently ignore those
13:15:30 [0m[33m[WARN] [0m(main) Received transform. We currently ignore those
13:15:30 [0m[33m[WARN] [0m(main) Received transform. We currently ignore those
13:15:30 [0m[33m[WARN] [0m(main) Received transform. We currently ignore those
13:15:30 [0m[33m[WARN] [0m(main) Received transform. We currently ignore those
13:15:30 [0m[33m[WARN] [0m(main) Received transform. We currently ignore those
13:15:30 [0m[33m[WARN] [0m(main) Received transform. We currently ignore those
13:15:30 [0m[33m[WARN] [0m(main) Received transform. We currently ignore those
13:15:30 [0m[33m[WARN] [0m(main) Received transform. We currently ignore those
13:15:30 [0m[33m[WARN] [0m(main) Received transform. We currently ignore those
13:15:30 [0m[33m[WARN] [0m(main) Received transform. We currently ignore those
13:15:30 [0m[33m[WARN] [0m(main) Received transform. We currently ignore those
13:15:30 [0m[33m[WARN] [0m(main) Received transform. We currently ignore those
13:15:30 [0m[33m[WARN] [0m(main) Received transform. We currently ignore those
13:15:30 [0m[33m[WARN] [0m(main) Received transform. We currently ignore those
13:15:30 [0m[33m[WARN] [0m(main) Received transform. We currently ignore those
13:15:30 [0m[33m[WARN] [0m(main) Received transform. We currently ignore those
13:15:30 [0m[33m[WARN] [0m(main) Received transform. We currently ignore those
13:15:30 [0m[33m[WARN] [0m(main) Received transform. We currently ignore those
13:15:30 [0m[33m[WARN] [0m(main) Received transform. We currently ignore those
13:15:30 [0m[33m[WARN] [0m(main) Received transform. We currently ignore those
13:15:30 [0m[33m[WARN] [0m(main) Received transform. We currently ignore those
13:15:30 [0m[33m[WARN] [0m(main) Received transform. We currently ignore those
13:15:30 [0m[33m[WARN] [0m(main) Received transform. We currently ignore those
13:15:30 [0m[33m[WARN] [0m(main) Received transform. We currently ignore those
13:15:30 [0m[33m[WARN] [0m(main) Received transform. We currently ignore those
13:15:30 [0m[33m[WARN] [0m(main) Received transform. We currently ignore those
13:15:30 [0m[33m[WARN] [0m(main) Received transform. We currently ignore those
13:15:30 [0m[33m[WARN] [0m(main) Received transform. We currently ignore those
13:15:30 [0m[33m[WARN] [0m(main) Received transform. We currently ignore those
13:15:30 [0m[33m[WARN] [0m(main) Received transform. We currently ignore those
13:15:30 [0m[33m[WARN] [0m(main) Received transform. We currently ignore those
13:15:30 [0m[33m[WARN] [0m(main) Received transform. We currently ignore those
13:15:30 [0m[33m[WARN] [0m(main) Received transform. We currently ignore those
13:15:30 [0m[33m[WARN] [0m(main) Received transform. We currently ignore those
13:15:30 [0m[33m[WARN] [0m(main) Received transform. We currently ignore those
13:15:30 [0m[33m[WARN] [0m(main) Received transform. We currently ignore those
13:15:30 [0m[34m[INFO] [0m(transition) BumpPool with: 2 buffers. Size: 12150Kb
13:15:30 [0m[33m[WARN] [0m(main) Received transform. We currently ignore those
13:15:30 [0m[33m[WARN] [0m(main) Received transform. We currently ignore those
13:15:30 [0m[33m[WARN] [0m(main) Received transform. We currently ignore those
13:15:30 [0m[33m[WARN] [0m(main) Received transform. We currently ignore those
13:15:30 [0m[33m[WARN] [0m(main) Received transform. We currently ignore those
13:15:30 [0m[33m[WARN] [0m(main) Received transform. We currently ignore those
13:15:32 [0m[33m[WARN] [0m(main) Received transform. We currently ignore those
13:15:32 [0m[33m[WARN] [0m(main) Received transform. We currently ignore those
13:15:32 [0m[33m[WARN] [0m(main) Received transform. We currently ignore those
13:15:32 [0m[33m[WARN] [0m(main) Received transform. We currently ignore those
13:15:32 [0m[33m[WARN] [0m(main) Received transform. We currently ignore those
13:15:32 [0m[33m[WARN] [0m(main) Received transform. We currently ignore those
13:15:32 [0m[33m[WARN] [0m(main) Received transform. We currently ignore those
13:15:32 [0m[33m[WARN] [0m(main) Received transform. We currently ignore those
13:15:32 [0m[33m[WARN] [0m(main) Received transform. We currently ignore those
13:15:32 [0m[33m[WARN] [0m(main) Received transform. We currently ignore those
13:15:32 [0m[33m[WARN] [0m(main) Received transform. We currently ignore those
13:15:32 [0m[33m[WARN] [0m(main) Received transform. We currently ignore those
13:15:32 [0m[33m[WARN] [0m(main) Received transform. We currently ignore those
13:15:32 [0m[33m[WARN] [0m(main) Received transform. We currently ignore those
13:15:32 [0m[33m[WARN] [0m(main) Received transform. We currently ignore those
13:15:32 [0m[33m[WARN] [0m(main) Received transform. We currently ignore those
13:15:32 [0m[33m[WARN] [0m(main) Received transform. We currently ignore those
13:15:32 [0m[33m[WARN] [0m(main) Received transform. We currently ignore those
13:15:32 [0m[33m[WARN] [0m(main) Received transform. We currently ignore those
13:15:32 [0m[33m[WARN] [0m(main) Received transform. We currently ignore those
13:15:32 [0m[33m[WARN] [0m(main) Received transform. We currently ignore those
13:15:32 [0m[33m[WARN] [0m(main) Received transform. We currently ignore those
13:15:32 [0m[33m[WARN] [0m(main) Received transform. We currently ignore those
13:15:32 [0m[33m[WARN] [0m(main) Received transform. We currently ignore those
13:15:32 [0m[33m[WARN] [0m(main) Received transform. We currently ignore those
13:15:32 [0m[33m[WARN] [0m(main) Received transform. We currently ignore those
13:15:32 [0m[33m[WARN] [0m(main) Received transform. We currently ignore those
13:15:32 [0m[33m[WARN] [0m(main) Received transform. We currently ignore those
13:15:32 [0m[33m[WARN] [0m(main) Received transform. We currently ignore those
13:15:32 [0m[33m[WARN] [0m(main) Received transform. We currently ignore those
13:15:32 [0m[33m[WARN] [0m(main) Received transform. We currently ignore those
13:15:32 [0m[33m[WARN] [0m(main) Received transform. We currently ignore those
13:15:32 [0m[33m[WARN] [0m(main) Received transform. We currently ignore those
13:15:32 [0m[33m[WARN] [0m(main) Received transform. We currently ignore those
13:15:32 [0m[33m[WARN] [0m(main) Received transform. We currently ignore those
13:15:32 [0m[33m[WARN] [0m(main) Received transform. We currently ignore those
13:15:32 [0m[33m[WARN] [0m(main) Received transform. We currently ignore those
13:15:32 [0m[33m[WARN] [0m(main) Received transform. We currently ignore those
13:15:33 [0m[33m[WARN] [0m(main) Received transform. We currently ignore those
13:15:33 [0m[33m[WARN] [0m(main) Received transform. We currently ignore those
13:15:33 [0m[33m[WARN] [0m(main) Received transform. We currently ignore those
13:15:33 [0m[33m[WARN] [0m(main) Received transform. We currently ignore those
13:15:33 [0m[33m[WARN] [0m(main) Received transform. We currently ignore those
13:15:33 [0m[33m[WARN] [0m(main) Received transform. We currently ignore those
13:15:33 [0m[33m[WARN] [0m(main) Received transform. We currently ignore those
13:15:33 [0m[33m[WARN] [0m(main) Received transform. We currently ignore those
13:15:33 [0m[33m[WARN] [0m(main) Received transform. We currently ignore those
13:15:33 [0m[33m[WARN] [0m(main) Received transform. We currently ignore those
13:15:33 [0m[33m[WARN] [0m(main) Received transform. We currently ignore those
13:15:33 [0m[33m[WARN] [0m(main) Received transform. We currently ignore those
13:15:33 [0m[33m[WARN] [0m(main) Received transform. We currently ignore those
13:15:33 [0m[33m[WARN] [0m(main) Received transform. We currently ignore those
13:15:33 [0m[33m[WARN] [0m(main) Received transform. We currently ignore those
13:15:33 [0m[33m[WARN] [0m(main) Received transform. We currently ignore those
13:15:33 [0m[33m[WARN] [0m(main) Received transform. We currently ignore those
13:15:33 [0m[33m[WARN] [0m(main) Received transform. We currently ignore those
13:15:33 [0m[33m[WARN] [0m(main) Received transform. We currently ignore those
13:15:33 [0m[33m[WARN] [0m(main) Received transform. We currently ignore those
13:15:33 [0m[33m[WARN] [0m(main) Received transform. We currently ignore those
13:15:33 [0m[33m[WARN] [0m(main) Received transform. We currently ignore those
13:15:33 [0m[33m[WARN] [0m(main) Received transform. We currently ignore those
13:15:33 [0m[33m[WARN] [0m(main) Received transform. We currently ignore those
13:15:33 [0m[33m[WARN] [0m(main) Received transform. We currently ignore those
13:15:33 [0m[33m[WARN] [0m(main) Received transform. We currently ignore those
13:15:33 [0m[33m[WARN] [0m(main) Received transform. We currently ignore those
13:15:33 [0m[33m[WARN] [0m(main) Received transform. We currently ignore those
13:15:33 [0m[33m[WARN] [0m(main) Received transform. We currently ignore those
13:15:33 [0m[33m[WARN] [0m(main) Received transform. We currently ignore those
13:15:33 [0m[33m[WARN] [0m(main) Received transform. We currently ignore those
13:15:33 [0m[33m[WARN] [0m(main) Received transform. We currently ignore those
13:15:33 [0m[33m[WARN] [0m(main) Received transform. We currently ignore those
13:15:33 [0m[33m[WARN] [0m(main) Received transform. We currently ignore those
13:15:33 [0m[33m[WARN] [0m(main) Received transform. We currently ignore those
13:15:33 [0m[33m[WARN] [0m(main) Received transform. We currently ignore those
13:15:33 [0m[33m[WARN] [0m(main) Received transform. We currently ignore those
13:15:33 [0m[33m[WARN] [0m(main) Received transform. We currently ignore those
13:15:33 [0m[33m[WARN] [0m(main) Received transform. We currently ignore those
13:15:33 [0m[33m[WARN] [0m(main) Received transform. We currently ignore those
13:15:33 [0m[33m[WARN] [0m(main) Received transform. We currently ignore those
13:15:33 [0m[33m[WARN] [0m(main) Received transform. We currently ignore those
13:15:33 [0m[33m[WARN] [0m(main) Received transform. We currently ignore those
13:15:33 [0m[33m[WARN] [0m(main) Received transform. We currently ignore those
13:15:33 [0m[33m[WARN] [0m(main) Received transform. We currently ignore those
13:15:33 [0m[33m[WARN] [0m(main) Received transform. We currently ignore those
13:15:33 [0m[33m[WARN] [0m(main) Received transform. We currently ignore those
13:15:33 [0m[33m[WARN] [0m(main) Received transform. We currently ignore those
13:15:33 [0m[33m[WARN] [0m(main) Received transform. We currently ignore those
13:15:33 [0m[33m[WARN] [0m(main) Received transform. We currently ignore those
13:15:33 [0m[33m[WARN] [0m(main) Received transform. We currently ignore those
13:15:33 [0m[33m[WARN] [0m(main) Received transform. We currently ignore those
13:15:33 [0m[33m[WARN] [0m(main) Received transform. We currently ignore those
13:15:33 [0m[33m[WARN] [0m(main) Received transform. We currently ignore those
13:15:34 [0m[33m[WARN] [0m(main) Received transform. We currently ignore those
13:15:34 [0m[33m[WARN] [0m(main) Received transform. We currently ignore those
13:15:36 [0m[33m[WARN] [0m(main) Received transform. We currently ignore those
13:15:36 [0m[33m[WARN] [0m(main) Received transform. We currently ignore those
13:15:37 [0m[33m[WARN] [0m(main) Received transform. We currently ignore those
13:15:37 [0m[33m[WARN] [0m(main) Received transform. We currently ignore those
13:15:37 [0m[33m[WARN] [0m(main) Received transform. We currently ignore those
13:15:37 [0m[33m[WARN] [0m(main) Received transform. We currently ignore those
13:15:37 [0m[33m[WARN] [0m(main) Received transform. We currently ignore those
13:15:37 [0m[33m[WARN] [0m(main) Received transform. We currently ignore those
13:15:37 [0m[33m[WARN] [0m(main) Received transform. We currently ignore those
13:15:37 [0m[33m[WARN] [0m(main) Received transform. We currently ignore those
13:15:37 [0m[33m[WARN] [0m(main) Received transform. We currently ignore those
13:15:37 [0m[33m[WARN] [0m(main) Received transform. We currently ignore those
13:15:37 [0m[33m[WARN] [0m(main) Received transform. We currently ignore those
13:15:37 [0m[33m[WARN] [0m(main) Received transform. We currently ignore those
13:15:38 [0m[33m[WARN] [0m(main) Received transform. We currently ignore those
13:15:38 [0m[33m[WARN] [0m(main) Received transform. We currently ignore those
13:15:38 [0m[33m[WARN] [0m(main) Received transform. We currently ignore those
13:15:38 [0m[33m[WARN] [0m(main) Received transform. We currently ignore those
13:15:38 [0m[33m[WARN] [0m(main) Received transform. We currently ignore those
13:15:38 [0m[33m[WARN] [0m(main) Received transform. We currently ignore those
13:15:38 [0m[33m[WARN] [0m(main) Received transform. We currently ignore those
13:15:38 [0m[33m[WARN] [0m(main) Received transform. We currently ignore those
13:15:38 [0m[33m[WARN] [0m(main) Received transform. We currently ignore those
13:15:38 [0m[33m[WARN] [0m(main) Received transform. We currently ignore those
13:15:38 [0m[33m[WARN] [0m(main) Received transform. We currently ignore those
13:15:38 [0m[33m[WARN] [0m(main) Received transform. We currently ignore those
13:15:38 [0m[33m[WARN] [0m(main) Received transform. We currently ignore those
13:15:38 [0m[33m[WARN] [0m(main) Received transform. We currently ignore those
13:15:38 [0m[33m[WARN] [0m(main) Received transform. We currently ignore those
13:15:38 [0m[33m[WARN] [0m(main) Received transform. We currently ignore those
13:15:38 [0m[33m[WARN] [0m(main) Received transform. We currently ignore those
13:15:38 [0m[33m[WARN] [0m(main) Received transform. We currently ignore those
13:15:38 [0m[33m[WARN] [0m(main) Received transform. We currently ignore those
13:15:38 [0m[33m[WARN] [0m(main) Received transform. We currently ignore those
13:15:38 [0m[33m[WARN] [0m(main) Received transform. We currently ignore those
13:15:38 [0m[33m[WARN] [0m(main) Received transform. We currently ignore those
13:15:38 [0m[33m[WARN] [0m(main) Received transform. We currently ignore those
13:15:38 [0m[33m[WARN] [0m(main) Received transform. We currently ignore those
13:15:38 [0m[33m[WARN] [0m(main) Received transform. We currently ignore those
13:15:38 [0m[33m[WARN] [0m(main) Received transform. We currently ignore those
13:15:38 [0m[33m[WARN] [0m(main) Received transform. We currently ignore those
13:15:38 [0m[33m[WARN] [0m(main) Received transform. We currently ignore those
13:15:38 [0m[33m[WARN] [0m(main) Received transform. We currently ignore those
13:15:38 [0m[33m[WARN] [0m(main) Received transform. We currently ignore those
13:15:38 [0m[33m[WARN] [0m(main) Received transform. We currently ignore those
13:15:38 [0m[33m[WARN] [0m(main) Received transform. We currently ignore those
13:15:38 [0m[33m[WARN] [0m(main) Received transform. We currently ignore those
13:15:38 [0m[33m[WARN] [0m(main) Received transform. We currently ignore those
13:15:38 [0m[33m[WARN] [0m(main) Received transform. We currently ignore those
13:15:38 [0m[33m[WARN] [0m(main) Received transform. We currently ignore those
13:15:38 [0m[33m[WARN] [0m(main) Received transform. We currently ignore those
13:15:38 [0m[33m[WARN] [0m(main) Received transform. We currently ignore those
13:15:38 [0m[33m[WARN] [0m(main) Received transform. We currently ignore those
13:15:38 [0m[33m[WARN] [0m(main) Received transform. We currently ignore those
13:15:38 [0m[33m[WARN] [0m(main) Received transform. We currently ignore those
13:15:38 [0m[33m[WARN] [0m(main) Received transform. We currently ignore those
13:15:38 [0m[33m[WARN] [0m(main) Received transform. We currently ignore those
13:15:38 [0m[33m[WARN] [0m(main) Received transform. We currently ignore those
13:15:38 [0m[33m[WARN] [0m(main) Received transform. We currently ignore those
13:15:38 [0m[33m[WARN] [0m(main) Received transform. We currently ignore those
13:15:38 [0m[33m[WARN] [0m(main) Received transform. We currently ignore those
13:15:38 [0m[33m[WARN] [0m(main) Received transform. We currently ignore those
13:15:38 [0m[33m[WARN] [0m(main) Received transform. We currently ignore those
13:15:38 [0m[33m[WARN] [0m(main) Received transform. We currently ignore those
13:15:38 [0m[33m[WARN] [0m(main) Received transform. We currently ignore those
13:15:38 [0m[33m[WARN] [0m(main) Received transform. We currently ignore those
13:15:38 [0m[33m[WARN] [0m(main) Received transform. We currently ignore those
13:15:38 [0m[33m[WARN] [0m(main) Received transform. We currently ignore those
13:15:38 [0m[33m[WARN] [0m(main) Received transform. We currently ignore those
13:15:38 [0m[33m[WARN] [0m(main) Received transform. We currently ignore those
13:15:38 [0m[33m[WARN] [0m(main) Received transform. We currently ignore those
13:15:38 [0m[33m[WARN] [0m(main) Received transform. We currently ignore those
13:15:38 [0m[33m[WARN] [0m(main) Received transform. We currently ignore those
13:15:38 [0m[33m[WARN] [0m(main) Received transform. We currently ignore those
13:15:38 [0m[33m[WARN] [0m(main) Received transform. We currently ignore those
13:15:38 [0m[33m[WARN] [0m(main) Received transform. We currently ignore those
13:15:38 [0m[33m[WARN] [0m(main) Received transform. We currently ignore those
13:15:38 [0m[33m[WARN] [0m(main) Received transform. We currently ignore those
13:15:38 [0m[33m[WARN] [0m(main) Received transform. We currently ignore those
13:15:38 [0m[33m[WARN] [0m(main) Received transform. We currently ignore those
13:15:38 [0m[33m[WARN] [0m(main) Received transform. We currently ignore those
13:15:38 [0m[33m[WARN] [0m(main) Received transform. We currently ignore those
13:15:38 [0m[33m[WARN] [0m(main) Received transform. We currently ignore those
13:15:38 [0m[33m[WARN] [0m(main) Received transform. We currently ignore those
13:15:38 [0m[33m[WARN] [0m(main) Received transform. We currently ignore those
13:15:38 [0m[33m[WARN] [0m(main) Received transform. We currently ignore those
13:15:38 [0m[33m[WARN] [0m(main) Received transform. We currently ignore those
13:15:38 [0m[33m[WARN] [0m(main) Received transform. We currently ignore those
13:15:38 [0m[33m[WARN] [0m(main) Received transform. We currently ignore those
13:15:38 [0m[33m[WARN] [0m(main) Received transform. We currently ignore those
13:15:38 [0m[33m[WARN] [0m(main) Received transform. We currently ignore those
13:15:38 [0m[33m[WARN] [0m(main) Received transform. We currently ignore those
13:15:38 [0m[33m[WARN] [0m(main) Received transform. We currently ignore those
13:15:38 [0m[33m[WARN] [0m(main) Received transform. We currently ignore those
13:15:39 [0m[33m[WARN] [0m(main) Received transform. We currently ignore those
13:15:39 [0m[33m[WARN] [0m(main) Received transform. We currently ignore those
13:15:41 [0m[33m[WARN] [0m(main) Received transform. We currently ignore those
13:15:41 [0m[33m[WARN] [0m(main) Received transform. We currently ignore those
13:15:42 [0m[33m[WARN] [0m(main) Received transform. We currently ignore those
13:15:42 [0m[33m[WARN] [0m(main) Received transform. We currently ignore those
13:15:42 [0m[33m[WARN] [0m(main) Received transform. We currently ignore those
13:15:42 [0m[33m[WARN] [0m(main) Received transform. We currently ignore those
13:15:42 [0m[33m[WARN] [0m(main) Received transform. We currently ignore those
13:15:42 [0m[33m[WARN] [0m(main) Received transform. We currently ignore those
13:15:42 [0m[33m[WARN] [0m(main) Received transform. We currently ignore those
13:15:42 [0m[33m[WARN] [0m(main) Received transform. We currently ignore those
13:15:42 [0m[33m[WARN] [0m(main) Received transform. We currently ignore those
13:15:42 [0m[33m[WARN] [0m(main) Received transform. We currently ignore those
13:15:42 [0m[33m[WARN] [0m(main) Received transform. We currently ignore those
13:15:42 [0m[33m[WARN] [0m(main) Received transform. We currently ignore those
13:15:42 [0m[33m[WARN] [0m(main) Received transform. We currently ignore those
13:15:42 [0m[33m[WARN] [0m(main) Received transform. We currently ignore those
13:15:42 [0m[33m[WARN] [0m(main) Received transform. We currently ignore those
13:15:42 [0m[33m[WARN] [0m(main) Received transform. We currently ignore those
13:15:42 [0m[33m[WARN] [0m(main) Received transform. We currently ignore those
13:15:42 [0m[33m[WARN] [0m(main) Received transform. We currently ignore those
13:15:42 [0m[33m[WARN] [0m(main) Received transform. We currently ignore those
13:15:42 [0m[33m[WARN] [0m(main) Received transform. We currently ignore those
13:15:43 [0m[33m[WARN] [0m(main) Received transform. We currently ignore those
13:15:43 [0m[33m[WARN] [0m(main) Received transform. We currently ignore those
13:15:43 [0m[33m[WARN] [0m(main) Received transform. We currently ignore those
13:15:43 [0m[33m[WARN] [0m(main) Received transform. We currently ignore those
13:15:43 [0m[33m[WARN] [0m(main) Received transform. We currently ignore those
13:15:43 [0m[33m[WARN] [0m(main) Received transform. We currently ignore those
13:15:43 [0m[33m[WARN] [0m(main) Received transform. We currently ignore those
13:15:43 [0m[33m[WARN] [0m(main) Received transform. We currently ignore those
13:15:43 [0m[33m[WARN] [0m(main) Received transform. We currently ignore those
13:15:43 [0m[33m[WARN] [0m(main) Received transform. We currently ignore those
13:15:43 [0m[33m[WARN] [0m(main) Received transform. We currently ignore those
13:15:43 [0m[33m[WARN] [0m(main) Received transform. We currently ignore those
13:15:43 [0m[33m[WARN] [0m(main) Received transform. We currently ignore those
13:15:43 [0m[33m[WARN] [0m(main) Received transform. We currently ignore those
13:15:43 [0m[33m[WARN] [0m(main) Received transform. We currently ignore those
13:15:43 [0m[33m[WARN] [0m(main) Received transform. We currently ignore those
13:15:43 [0m[33m[WARN] [0m(main) Received transform. We currently ignore those
13:15:43 [0m[33m[WARN] [0m(main) Received transform. We currently ignore those
13:15:43 [0m[33m[WARN] [0m(main) Received transform. We currently ignore those
13:15:43 [0m[33m[WARN] [0m(main) Received transform. We currently ignore those
13:15:43 [0m[33m[WARN] [0m(main) Received transform. We currently ignore those
13:15:43 [0m[33m[WARN] [0m(main) Received transform. We currently ignore those
13:15:43 [0m[33m[WARN] [0m(main) Received transform. We currently ignore those
13:15:43 [0m[33m[WARN] [0m(main) Received transform. We currently ignore those
13:15:43 [0m[33m[WARN] [0m(main) Received transform. We currently ignore those
13:15:43 [0m[33m[WARN] [0m(main) Received transform. We currently ignore those
13:15:43 [0m[33m[WARN] [0m(main) Received transform. We currently ignore those
13:15:43 [0m[33m[WARN] [0m(main) Received transform. We currently ignore those
13:15:43 [0m[33m[WARN] [0m(main) Received transform. We currently ignore those
13:15:43 [0m[33m[WARN] [0m(main) Received transform. We currently ignore those
13:15:43 [0m[33m[WARN] [0m(main) Received transform. We currently ignore those
13:15:43 [0m[33m[WARN] [0m(main) Received transform. We currently ignore those
13:15:43 [0m[33m[WARN] [0m(main) Received transform. We currently ignore those
13:15:43 [0m[33m[WARN] [0m(main) Received transform. We currently ignore those
13:15:43 [0m[33m[WARN] [0m(main) Received transform. We currently ignore those
13:15:43 [0m[33m[WARN] [0m(main) Received transform. We currently ignore those
13:15:43 [0m[33m[WARN] [0m(main) Received transform. We currently ignore those
13:15:43 [0m[33m[WARN] [0m(main) Received transform. We currently ignore those
13:15:43 [0m[33m[WARN] [0m(main) Received transform. We currently ignore those
13:15:43 [0m[33m[WARN] [0m(main) Received transform. We currently ignore those
13:15:43 [0m[33m[WARN] [0m(main) Received transform. We currently ignore those
13:15:43 [0m[33m[WARN] [0m(main) Received transform. We currently ignore those
13:15:43 [0m[33m[WARN] [0m(main) Received transform. We currently ignore those
13:15:43 [0m[33m[WARN] [0m(main) Received transform. We currently ignore those
13:15:43 [0m[33m[WARN] [0m(main) Received transform. We currently ignore those
13:15:43 [0m[33m[WARN] [0m(main) Received transform. We currently ignore those
13:15:43 [0m[33m[WARN] [0m(main) Received transform. We currently ignore those
13:15:43 [0m[33m[WARN] [0m(main) Received transform. We currently ignore those
13:15:43 [0m[33m[WARN] [0m(main) Received transform. We currently ignore those
13:15:43 [0m[33m[WARN] [0m(main) Received transform. We currently ignore those
13:15:43 [0m[33m[WARN] [0m(main) Received transform. We currently ignore those
13:15:43 [0m[33m[WARN] [0m(main) Received transform. We currently ignore those
13:15:43 [0m[33m[WARN] [0m(main) Received transform. We currently ignore those
13:15:43 [0m[33m[WARN] [0m(main) Received transform. We currently ignore those
13:15:43 [0m[33m[WARN] [0m(main) Received transform. We currently ignore those
13:15:43 [0m[33m[WARN] [0m(main) Received transform. We currently ignore those
13:15:43 [0m[33m[WARN] [0m(main) Received transform. We currently ignore those
13:15:43 [0m[33m[WARN] [0m(main) Received transform. We currently ignore those
13:15:43 [0m[33m[WARN] [0m(main) Received transform. We currently ignore those
13:15:43 [0m[33m[WARN] [0m(main) Received transform. We currently ignore those
13:15:43 [0m[33m[WARN] [0m(main) Received transform. We currently ignore those
13:15:43 [0m[33m[WARN] [0m(main) Received transform. We currently ignore those
13:15:43 [0m[33m[WARN] [0m(main) Received transform. We currently ignore those
13:15:43 [0m[33m[WARN] [0m(main) Received transform. We currently ignore those
13:15:43 [0m[33m[WARN] [0m(main) Received transform. We currently ignore those
13:15:43 [0m[33m[WARN] [0m(main) Received transform. We currently ignore those
13:15:43 [0m[33m[WARN] [0m(main) Received transform. We currently ignore those
13:15:43 [0m[33m[WARN] [0m(main) Received transform. We currently ignore those
13:15:43 [0m[33m[WARN] [0m(main) Received transform. We currently ignore those
13:15:43 [0m[33m[WARN] [0m(main) Received transform. We currently ignore those
13:15:43 [0m[33m[WARN] [0m(main) Received transform. We currently ignore those
13:15:43 [0m[33m[WARN] [0m(main) Received transform. We currently ignore those
13:15:44 [0m[33m[WARN] [0m(main) Received transform. We currently ignore those
13:15:44 [0m[33m[WARN] [0m(main) Received transform. We currently ignore those
13:15:45 [0m[33m[WARN] [0m(main) Received transform. We currently ignore those
13:15:45 [0m[33m[WARN] [0m(main) Received transform. We currently ignore those
13:15:46 [0m[33m[WARN] [0m(main) Received transform. We currently ignore those
13:15:46 [0m[33m[WARN] [0m(main) Received transform. We currently ignore those
13:15:46 [0m[33m[WARN] [0m(main) Received transform. We currently ignore those
13:15:46 [0m[33m[WARN] [0m(main) Received transform. We currently ignore those
13:15:46 [0m[33m[WARN] [0m(main) Received transform. We currently ignore those
13:15:46 [0m[33m[WARN] [0m(main) Received transform. We currently ignore those
13:15:46 [0m[33m[WARN] [0m(main) Received transform. We currently ignore those
13:15:46 [0m[33m[WARN] [0m(main) Received transform. We currently ignore those
13:15:46 [0m[33m[WARN] [0m(main) Received transform. We currently ignore those
13:15:46 [0m[33m[WARN] [0m(main) Received transform. We currently ignore those
13:15:46 [0m[33m[WARN] [0m(main) Received transform. We currently ignore those
13:15:46 [0m[33m[WARN] [0m(main) Received transform. We currently ignore those
13:15:46 [0m[33m[WARN] [0m(main) Received transform. We currently ignore those
13:15:46 [0m[33m[WARN] [0m(main) Received transform. We currently ignore those
13:15:47 [0m[33m[WARN] [0m(main) Received transform. We currently ignore those
13:15:47 [0m[33m[WARN] [0m(main) Received transform. We currently ignore those
13:15:47 [0m[33m[WARN] [0m(main) Received transform. We currently ignore those
13:15:47 [0m[33m[WARN] [0m(main) Received transform. We currently ignore those
13:15:47 [0m[33m[WARN] [0m(main) Received transform. We currently ignore those
13:15:47 [0m[33m[WARN] [0m(main) Received transform. We currently ignore those
13:15:47 [0m[33m[WARN] [0m(main) Received transform. We currently ignore those
13:15:47 [0m[33m[WARN] [0m(main) Received transform. We currently ignore those
13:15:47 [0m[33m[WARN] [0m(main) Received transform. We currently ignore those
13:15:47 [0m[33m[WARN] [0m(main) Received transform. We currently ignore those
13:15:47 [0m[33m[WARN] [0m(main) Received transform. We currently ignore those
13:15:47 [0m[33m[WARN] [0m(main) Received transform. We currently ignore those
13:15:47 [0m[33m[WARN] [0m(main) Received transform. We currently ignore those
13:15:47 [0m[33m[WARN] [0m(main) Received transform. We currently ignore those
13:15:47 [0m[33m[WARN] [0m(main) Received transform. We currently ignore those
13:15:47 [0m[33m[WARN] [0m(main) Received transform. We currently ignore those
13:15:47 [0m[33m[WARN] [0m(main) Received transform. We currently ignore those
13:15:47 [0m[33m[WARN] [0m(main) Received transform. We currently ignore those
13:15:47 [0m[33m[WARN] [0m(main) Received transform. We currently ignore those
13:15:47 [0m[33m[WARN] [0m(main) Received transform. We currently ignore those
13:15:47 [0m[33m[WARN] [0m(main) Received transform. We currently ignore those
13:15:47 [0m[33m[WARN] [0m(main) Received transform. We currently ignore those
13:15:47 [0m[33m[WARN] [0m(main) Received transform. We currently ignore those
13:15:47 [0m[33m[WARN] [0m(main) Received transform. We currently ignore those
13:15:47 [0m[33m[WARN] [0m(main) Received transform. We currently ignore those
13:15:47 [0m[33m[WARN] [0m(main) Received transform. We currently ignore those
13:15:47 [0m[33m[WARN] [0m(main) Received transform. We currently ignore those
13:15:47 [0m[33m[WARN] [0m(main) Received transform. We currently ignore those
13:15:47 [0m[33m[WARN] [0m(main) Received transform. We currently ignore those
13:15:47 [0m[33m[WARN] [0m(main) Received transform. We currently ignore those
13:15:47 [0m[33m[WARN] [0m(main) Received transform. We currently ignore those
13:15:47 [0m[33m[WARN] [0m(main) Received transform. We currently ignore those
13:15:47 [0m[33m[WARN] [0m(main) Received transform. We currently ignore those
13:15:47 [0m[33m[WARN] [0m(main) Received transform. We currently ignore those
13:15:47 [0m[33m[WARN] [0m(main) Received transform. We currently ignore those
13:15:47 [0m[33m[WARN] [0m(main) Received transform. We currently ignore those
13:15:47 [0m[33m[WARN] [0m(main) Received transform. We currently ignore those
13:15:47 [0m[33m[WARN] [0m(main) Received transform. We currently ignore those
13:15:47 [0m[33m[WARN] [0m(main) Received transform. We currently ignore those
13:15:47 [0m[33m[WARN] [0m(main) Received transform. We currently ignore those
13:15:47 [0m[33m[WARN] [0m(main) Received transform. We currently ignore those
13:15:47 [0m[33m[WARN] [0m(main) Received transform. We currently ignore those
13:15:47 [0m[33m[WARN] [0m(main) Received transform. We currently ignore those
13:15:47 [0m[33m[WARN] [0m(main) Received transform. We currently ignore those
13:15:47 [0m[33m[WARN] [0m(main) Received transform. We currently ignore those
13:15:47 [0m[33m[WARN] [0m(main) Received transform. We currently ignore those
13:15:47 [0m[33m[WARN] [0m(main) Received transform. We currently ignore those
13:15:47 [0m[33m[WARN] [0m(main) Received transform. We currently ignore those
13:15:47 [0m[33m[WARN] [0m(main) Received transform. We currently ignore those
13:15:47 [0m[33m[WARN] [0m(main) Received transform. We currently ignore those
13:15:47 [0m[33m[WARN] [0m(main) Received transform. We currently ignore those
13:15:47 [0m[33m[WARN] [0m(main) Received transform. We currently ignore those
13:15:47 [0m[33m[WARN] [0m(main) Received transform. We currently ignore those
13:15:47 [0m[33m[WARN] [0m(main) Received transform. We currently ignore those
13:15:47 [0m[33m[WARN] [0m(main) Received transform. We currently ignore those
13:15:47 [0m[33m[WARN] [0m(main) Received transform. We currently ignore those
13:15:47 [0m[33m[WARN] [0m(main) Received transform. We currently ignore those
13:15:47 [0m[33m[WARN] [0m(main) Received transform. We currently ignore those
13:15:47 [0m[33m[WARN] [0m(main) Received transform. We currently ignore those
13:15:47 [0m[33m[WARN] [0m(main) Received transform. We currently ignore those
13:15:47 [0m[33m[WARN] [0m(main) Received transform. We currently ignore those
13:15:47 [0m[33m[WARN] [0m(main) Received transform. We currently ignore those
13:15:47 [0m[33m[WARN] [0m(main) Received transform. We currently ignore those
13:15:47 [0m[33m[WARN] [0m(main) Received transform. We currently ignore those
13:15:47 [0m[33m[WARN] [0m(main) Received transform. We currently ignore those
13:15:47 [0m[33m[WARN] [0m(main) Received transform. We currently ignore those
13:15:47 [0m[33m[WARN] [0m(main) Received transform. We currently ignore those
13:15:47 [0m[33m[WARN] [0m(main) Received transform. We currently ignore those
13:15:47 [0m[33m[WARN] [0m(main) Received transform. We currently ignore those
13:15:47 [0m[33m[WARN] [0m(main) Received transform. We currently ignore those
13:15:47 [0m[33m[WARN] [0m(main) Received transform. We currently ignore those
13:15:47 [0m[33m[WARN] [0m(main) Received transform. We currently ignore those
13:15:47 [0m[33m[WARN] [0m(main) Received transform. We currently ignore those
13:15:47 [0m[33m[WARN] [0m(main) Received transform. We currently ignore those
13:15:47 [0m[33m[WARN] [0m(main) Received transform. We currently ignore those
13:15:47 [0m[33m[WARN] [0m(main) Received transform. We currently ignore those
13:15:47 [0m[33m[WARN] [0m(main) Received transform. We currently ignore those
13:15:47 [0m[33m[WARN] [0m(main) Received transform. We currently ignore those
Io error: Broken pipe (os error 32)
thread 'main' panicked at daemon/src/main.rs:191:30:
Io error when reading wayland events: Broken pipe (os error 32)
note: run with `RUST_BACKTRACE=1` environment variable to display a backtrace
13:17:24 [0m[34m[INFO] [0m(main) Removed socket at "/run/user/1000/swww-wayland-1.socket"
